<?xml version="1.0" encoding="UTF-8"?>
<!-- Generated by org.testng.reporters.JUnitReportReporter -->
<testsuite hostname="ikram-HP-ProBook-6460b" failures="0" tests="2" name="abc.TestNG_Demo" time="43.164" errors="0" timestamp="2021-12-03T01:41:20 PKT" skipped="0">
  <testcase classname="abc.TestNG_Demo" name="login" time="18.133"/>
  <system-out/>
  <testcase classname="abc.TestNG_Demo" name="login" time="25.031"/>
  <system-out/>
</testsuite> <!-- abc.TestNG_Demo -->
